<?xml version="1.0" encoding="UTF-8"?>
<!-- Generated by org.testng.reporters.JUnitXMLReporter -->
<testsuite ignored="2" hostname="DESKTOP-MM5BO7C" failures="0" tests="5" name="Test" time="6.576" errors="0" timestamp="2022-08-04T10:55:29 IST">
  <testcase classname="tests.LoginTest" name="verifybuttontext" time="0.043"/>
  <testcase classname="tests.LoginTest" name="login" time="4.567"/>
  <testcase classname="tests.HomeTest02" name="Verify2" time="0.086"/>
  <testcase classname="tests.HomeTest02" name="Profile2" time="0.08"/>
  <testcase classname="tests.HomeTest02" name="Logout2" time="1.714"/>
  <testcase classname="tests.BaseTest" name="@AfterSuite tearDown" time="0.0">
    <ignored/>
  </testcase> <!-- @AfterSuite tearDown -->
  <testcase classname="tests.BaseTest" name="@BeforeSuite init" time="0.0">
    <ignored/>
  </testcase> <!-- @BeforeSuite init -->
</testsuite> <!-- Test -->
