<?xml version="1.0" encoding="UTF-8"?>
<!-- Generated by org.testng.reporters.JUnitXMLReporter -->
<testsuite ignored="2" hostname="DESKTOP-H8KQUR0" failures="1" tests="5" name="Test" time="7.046" errors="0" timestamp="2022-08-12T18:36:21 IST">
  <testcase classname="tests.LoginTest" name="verifybuttontext" time="0.084">
    <failure type="java.lang.AssertionError" message="The following asserts failed:
	expected [LOGINNN] but found []">
      <![CDATA[java.lang.AssertionError: The following asserts failed:
expected [LOGINNN] but found []
at tests.LoginTest.verifybuttontext(LoginTest.java:25)
at java.base/java.util.ArrayList.forEach(ArrayList.java:1511)
... Removed 33 stack frames]]>
    </failure>
  </testcase> <!-- verifybuttontext -->
  <testcase classname="tests.LoginTest" name="login" time="4.639"/>
  <testcase classname="tests.HomeTest02" name="Verify2" time="0.105"/>
  <testcase classname="tests.HomeTest02" name="Profile2" time="0.102"/>
  <testcase classname="tests.HomeTest02" name="Logout2" time="1.707"/>
  <testcase classname="tests.BaseTest" name="@AfterSuite tearDown" time="0.0">
    <ignored/>
  </testcase> <!-- @AfterSuite tearDown -->
  <testcase classname="tests.BaseTest" name="@BeforeSuite init" time="0.0">
    <ignored/>
  </testcase> <!-- @BeforeSuite init -->
</testsuite> <!-- Test -->
