<?xml version="1.0" encoding="UTF-8"?>
<testng-results ignored="0" total="2" passed="2" failed="0" skipped="0">
  <reporter-output>
  </reporter-output>
  <suite started-at="2022-08-04T13:28:22 IST" name="Default suite" finished-at="2022-08-04T13:28:50 IST" duration-ms="28101">
    <groups>
    </groups>
    <test started-at="2022-08-04T13:28:22 IST" name="Default test" finished-at="2022-08-04T13:28:50 IST" duration-ms="28101">
      <class name="tests.LoginTest">
        <test-method is-config="true" signature="init()[pri:0, instance:tests.LoginTest@14cd1699]" started-at="2022-08-04T13:28:13 IST" name="init" finished-at="2022-08-04T13:28:22 IST" duration-ms="8344" status="PASS">
          <reporter-output>
          </reporter-output>
        </test-method> <!-- init -->
        <test-method is-config="true" signature="initObject()[pri:0, instance:tests.LoginTest@14cd1699]" started-at="2022-08-04T13:28:22 IST" name="initObject" finished-at="2022-08-04T13:28:22 IST" duration-ms="43" status="PASS">
          <reporter-output>
          </reporter-output>
        </test-method> <!-- initObject -->
        <test-method signature="verifybuttontext()[pri:1, instance:tests.LoginTest@14cd1699]" started-at="2022-08-04T13:28:22 IST" name="verifybuttontext" finished-at="2022-08-04T13:28:22 IST" duration-ms="63" status="PASS">
          <reporter-output>
          </reporter-output>
        </test-method> <!-- verifybuttontext -->
        <test-method signature="login()[pri:2, instance:tests.LoginTest@14cd1699]" started-at="2022-08-04T13:28:22 IST" name="login" finished-at="2022-08-04T13:28:50 IST" duration-ms="27940" status="PASS">
          <reporter-output>
          </reporter-output>
        </test-method> <!-- login -->
        <test-method is-config="true" signature="tearDown()[pri:0, instance:tests.LoginTest@14cd1699]" started-at="2022-08-04T13:28:50 IST" name="tearDown" finished-at="2022-08-04T13:28:50 IST" duration-ms="61" status="PASS">
          <reporter-output>
          </reporter-output>
        </test-method> <!-- tearDown -->
      </class> <!-- tests.LoginTest -->
    </test> <!-- Default test -->
  </suite> <!-- Default suite -->
</testng-results>
